<?xml version="1.0" encoding="UTF-8"?>
<!-- Generated by org.testng.reporters.JUnitReportReporter -->
<testsuite hostname="QLLU-PC" name="TestCases.LoginDemo" tests="1" failures="0" timestamp="15 Sep 2015 02:15:01 GMT" time="12.739" errors="0">
  <testcase name="testlogin" time="12.739" classname="TestCases.LoginDemo"/>
</testsuite> <!-- TestCases.LoginDemo -->
