<?xml version="1.0" encoding="UTF-8"?>
<!-- Generated by org.testng.reporters.JUnitReportReporter -->
<testsuite hostname="QLLU-PC" name="TestCases.LoginTest" tests="1" failures="0" timestamp="14 Sep 2015 09:07:57 GMT" time="12.475" errors="0">
  <testcase name="testlogin" time="12.475" classname="TestCases.LoginTest"/>
</testsuite> <!-- TestCases.LoginTest -->
